<?xml version="1.0" encoding="UTF-8"?>
<!-- Generated by org.testng.reporters.JUnitReportReporter -->
<testsuite skipped="0" hostname="DESKTOP-JNDMTE4" name="tests.clockInClockOutOnOverviewPage" tests="1" failures="0" timestamp="16 окт 2019 20:20:46 GMT" time="19.199" errors="0">
  <testcase name="testClockInClockOutOnOverviewPage" time="19.199" classname="tests.clockInClockOutOnOverviewPage"/>
</testsuite> <!-- tests.clockInClockOutOnOverviewPage -->
